CRITICAL - 2023-09-30 01:58:52 --> syntax error, unexpected token "}"
in APPPATH\Controllers\Conciliacao.php on line 131.
 1 SYSTEMPATH\Router\Router.php(507): CodeIgniter\Router\AutoRouter->getRoute('Conciliacao/pandas')
 2 SYSTEMPATH\Router\Router.php(206): CodeIgniter\Router\Router->autoRoute('Conciliacao/pandas')
 3 SYSTEMPATH\CodeIgniter.php(815): CodeIgniter\Router\Router->handle('Conciliacao/pandas')
 4 SYSTEMPATH\CodeIgniter.php(449): CodeIgniter\CodeIgniter->tryToRouteIt(Object(CodeIgniter\Router\RouteCollection))
 5 SYSTEMPATH\CodeIgniter.php(368): CodeIgniter\CodeIgniter->handleRequest(null, Object(Config\Cache), false)
 6 FCPATH\index.php(67): CodeIgniter\CodeIgniter->run()
 7 SYSTEMPATH\Commands\Server\rewrite.php(47): require_once('H:\\spoloar\\SpolaorAutomacoesContabeis\\public_html\\index.php')
CRITICAL - 2023-09-30 02:08:09 --> Unsupported operand types: string - string
in APPPATH\Controllers\Conciliacao.php on line 156.
 1 SYSTEMPATH\CodeIgniter.php(934): App\Controllers\Conciliacao->pandas()
 2 SYSTEMPATH\CodeIgniter.php(499): CodeIgniter\CodeIgniter->runController(Object(App\Controllers\Conciliacao))
 3 SYSTEMPATH\CodeIgniter.php(368): CodeIgniter\CodeIgniter->handleRequest(null, Object(Config\Cache), false)
 4 FCPATH\index.php(67): CodeIgniter\CodeIgniter->run()
 5 SYSTEMPATH\Commands\Server\rewrite.php(47): require_once('H:\\spoloar\\SpolaorAutomacoesContabeis\\public_html\\index.php')
CRITICAL - 2023-09-30 02:15:37 --> Unknown format specifier ","
in APPPATH\Controllers\Conciliacao.php on line 158.
 1 APPPATH\Controllers\Conciliacao.php(158): sprintf('%,2f', 0.0)
 2 SYSTEMPATH\CodeIgniter.php(934): App\Controllers\Conciliacao->pandas()
 3 SYSTEMPATH\CodeIgniter.php(499): CodeIgniter\CodeIgniter->runController(Object(App\Controllers\Conciliacao))
 4 SYSTEMPATH\CodeIgniter.php(368): CodeIgniter\CodeIgniter->handleRequest(null, Object(Config\Cache), false)
 5 FCPATH\index.php(67): CodeIgniter\CodeIgniter->run()
 6 SYSTEMPATH\Commands\Server\rewrite.php(47): require_once('H:\\spoloar\\SpolaorAutomacoesContabeis\\public_html\\index.php')
INFO - 2023-09-30 02:37:35 --> Session: Class initialized using 'CodeIgniter\Session\Handlers\FileHandler' driver.
CRITICAL - 2023-09-30 02:50:38 --> Undefined variable $valeuA
in APPPATH\Controllers\Conciliacao.php on line 172.
 1 APPPATH\Controllers\Conciliacao.php(172): CodeIgniter\Debug\Exceptions->errorHandler(2, 'Undefined variable $valeuA', 'H:\\spoloar\\SpolaorAutomacoesContabeis\\empenho\\app\\Controllers\\Conciliacao.php', 172)
 2 SYSTEMPATH\CodeIgniter.php(934): App\Controllers\Conciliacao->pandas()
 3 SYSTEMPATH\CodeIgniter.php(499): CodeIgniter\CodeIgniter->runController(Object(App\Controllers\Conciliacao))
 4 SYSTEMPATH\CodeIgniter.php(368): CodeIgniter\CodeIgniter->handleRequest(null, Object(Config\Cache), false)
 5 FCPATH\index.php(67): CodeIgniter\CodeIgniter->run()
 6 SYSTEMPATH\Commands\Server\rewrite.php(47): require_once('H:\\spoloar\\SpolaorAutomacoesContabeis\\public_html\\index.php')
