INFO - 2023-09-27 16:51:13 --> Session: Class initialized using 'CodeIgniter\Session\Handlers\FileHandler' driver.
CRITICAL - 2023-09-27 16:55:15 --> syntax error, unexpected token "=>", expecting ")"
in APPPATH\Controllers\Conciliacao.php on line 69.
 1 SYSTEMPATH\Router\Router.php(507): CodeIgniter\Router\AutoRouter->getRoute('Conciliacao')
 2 SYSTEMPATH\Router\Router.php(206): CodeIgniter\Router\Router->autoRoute('Conciliacao')
 3 SYSTEMPATH\CodeIgniter.php(815): CodeIgniter\Router\Router->handle('Conciliacao')
 4 SYSTEMPATH\CodeIgniter.php(449): CodeIgniter\CodeIgniter->tryToRouteIt(Object(CodeIgniter\Router\RouteCollection))
 5 SYSTEMPATH\CodeIgniter.php(368): CodeIgniter\CodeIgniter->handleRequest(null, Object(Config\Cache), false)
 6 FCPATH\index.php(67): CodeIgniter\CodeIgniter->run()
 7 SYSTEMPATH\Commands\Server\rewrite.php(47): require_once('H:\\spoloar\\SpolaorAutomacoesContabeis\\public_html\\index.php')
CRITICAL - 2023-09-27 16:58:38 --> Undefined variable $csvData
in APPPATH\Views\conciliacao.php on line 37.
 1 APPPATH\Views\conciliacao.php(37): CodeIgniter\Debug\Exceptions->errorHandler(2, 'Undefined variable $csvData', 'H:\\spoloar\\SpolaorAutomacoesContabeis\\empenho\\app\\Views\\conciliacao.php', 37)
 2 SYSTEMPATH\View\View.php(213): include('H:\\spoloar\\SpolaorAutomacoesContabeis\\empenho\\app\\Views\\conciliacao.php')
 3 SYSTEMPATH\View\View.php(216): CodeIgniter\View\View->CodeIgniter\View\{closure}()
 4 SYSTEMPATH\Common.php(1184): CodeIgniter\View\View->render('conciliacao', [], true)
 5 APPPATH\Controllers\Conciliacao.php(13): view('conciliacao')
 6 SYSTEMPATH\CodeIgniter.php(934): App\Controllers\Conciliacao->index()
 7 SYSTEMPATH\CodeIgniter.php(499): CodeIgniter\CodeIgniter->runController(Object(App\Controllers\Conciliacao))
 8 SYSTEMPATH\CodeIgniter.php(368): CodeIgniter\CodeIgniter->handleRequest(null, Object(Config\Cache), false)
 9 FCPATH\index.php(67): CodeIgniter\CodeIgniter->run()
10 SYSTEMPATH\Commands\Server\rewrite.php(47): require_once('H:\\spoloar\\SpolaorAutomacoesContabeis\\public_html\\index.php')
CRITICAL - 2023-09-27 16:58:40 --> Undefined variable $csvData
in APPPATH\Views\conciliacao.php on line 37.
 1 APPPATH\Views\conciliacao.php(37): CodeIgniter\Debug\Exceptions->errorHandler(2, 'Undefined variable $csvData', 'H:\\spoloar\\SpolaorAutomacoesContabeis\\empenho\\app\\Views\\conciliacao.php', 37)
 2 SYSTEMPATH\View\View.php(213): include('H:\\spoloar\\SpolaorAutomacoesContabeis\\empenho\\app\\Views\\conciliacao.php')
 3 SYSTEMPATH\View\View.php(216): CodeIgniter\View\View->CodeIgniter\View\{closure}()
 4 SYSTEMPATH\Common.php(1184): CodeIgniter\View\View->render('conciliacao', [], true)
 5 APPPATH\Controllers\Conciliacao.php(13): view('conciliacao')
 6 SYSTEMPATH\CodeIgniter.php(934): App\Controllers\Conciliacao->index()
 7 SYSTEMPATH\CodeIgniter.php(499): CodeIgniter\CodeIgniter->runController(Object(App\Controllers\Conciliacao))
 8 SYSTEMPATH\CodeIgniter.php(368): CodeIgniter\CodeIgniter->handleRequest(null, Object(Config\Cache), false)
 9 FCPATH\index.php(67): CodeIgniter\CodeIgniter->run()
10 SYSTEMPATH\Commands\Server\rewrite.php(47): require_once('H:\\spoloar\\SpolaorAutomacoesContabeis\\public_html\\index.php')
CRITICAL - 2023-09-27 16:59:17 --> Undefined variable $csvData
in APPPATH\Views\conciliacao.php on line 37.
 1 APPPATH\Views\conciliacao.php(37): CodeIgniter\Debug\Exceptions->errorHandler(2, 'Undefined variable $csvData', 'H:\\spoloar\\SpolaorAutomacoesContabeis\\empenho\\app\\Views\\conciliacao.php', 37)
 2 SYSTEMPATH\View\View.php(213): include('H:\\spoloar\\SpolaorAutomacoesContabeis\\empenho\\app\\Views\\conciliacao.php')
 3 SYSTEMPATH\View\View.php(216): CodeIgniter\View\View->CodeIgniter\View\{closure}()
 4 SYSTEMPATH\Common.php(1184): CodeIgniter\View\View->render('conciliacao', [], true)
 5 APPPATH\Controllers\Conciliacao.php(13): view('conciliacao')
 6 SYSTEMPATH\CodeIgniter.php(934): App\Controllers\Conciliacao->index()
 7 SYSTEMPATH\CodeIgniter.php(499): CodeIgniter\CodeIgniter->runController(Object(App\Controllers\Conciliacao))
 8 SYSTEMPATH\CodeIgniter.php(368): CodeIgniter\CodeIgniter->handleRequest(null, Object(Config\Cache), false)
 9 FCPATH\index.php(67): CodeIgniter\CodeIgniter->run()
10 SYSTEMPATH\Commands\Server\rewrite.php(47): require_once('H:\\spoloar\\SpolaorAutomacoesContabeis\\public_html\\index.php')
CRITICAL - 2023-09-27 16:59:17 --> Undefined variable $csvData
in APPPATH\Views\conciliacao.php on line 37.
 1 APPPATH\Views\conciliacao.php(37): CodeIgniter\Debug\Exceptions->errorHandler(2, 'Undefined variable $csvData', 'H:\\spoloar\\SpolaorAutomacoesContabeis\\empenho\\app\\Views\\conciliacao.php', 37)
 2 SYSTEMPATH\View\View.php(213): include('H:\\spoloar\\SpolaorAutomacoesContabeis\\empenho\\app\\Views\\conciliacao.php')
 3 SYSTEMPATH\View\View.php(216): CodeIgniter\View\View->CodeIgniter\View\{closure}()
 4 SYSTEMPATH\Common.php(1184): CodeIgniter\View\View->render('conciliacao', [], true)
 5 APPPATH\Controllers\Conciliacao.php(13): view('conciliacao')
 6 SYSTEMPATH\CodeIgniter.php(934): App\Controllers\Conciliacao->index()
 7 SYSTEMPATH\CodeIgniter.php(499): CodeIgniter\CodeIgniter->runController(Object(App\Controllers\Conciliacao))
 8 SYSTEMPATH\CodeIgniter.php(368): CodeIgniter\CodeIgniter->handleRequest(null, Object(Config\Cache), false)
 9 FCPATH\index.php(67): CodeIgniter\CodeIgniter->run()
10 SYSTEMPATH\Commands\Server\rewrite.php(47): require_once('H:\\spoloar\\SpolaorAutomacoesContabeis\\public_html\\index.php')
CRITICAL - 2023-09-27 16:59:18 --> Undefined variable $csvData
in APPPATH\Views\conciliacao.php on line 37.
 1 APPPATH\Views\conciliacao.php(37): CodeIgniter\Debug\Exceptions->errorHandler(2, 'Undefined variable $csvData', 'H:\\spoloar\\SpolaorAutomacoesContabeis\\empenho\\app\\Views\\conciliacao.php', 37)
 2 SYSTEMPATH\View\View.php(213): include('H:\\spoloar\\SpolaorAutomacoesContabeis\\empenho\\app\\Views\\conciliacao.php')
 3 SYSTEMPATH\View\View.php(216): CodeIgniter\View\View->CodeIgniter\View\{closure}()
 4 SYSTEMPATH\Common.php(1184): CodeIgniter\View\View->render('conciliacao', [], true)
 5 APPPATH\Controllers\Conciliacao.php(13): view('conciliacao')
 6 SYSTEMPATH\CodeIgniter.php(934): App\Controllers\Conciliacao->index()
 7 SYSTEMPATH\CodeIgniter.php(499): CodeIgniter\CodeIgniter->runController(Object(App\Controllers\Conciliacao))
 8 SYSTEMPATH\CodeIgniter.php(368): CodeIgniter\CodeIgniter->handleRequest(null, Object(Config\Cache), false)
 9 FCPATH\index.php(67): CodeIgniter\CodeIgniter->run()
10 SYSTEMPATH\Commands\Server\rewrite.php(47): require_once('H:\\spoloar\\SpolaorAutomacoesContabeis\\public_html\\index.php')
CRITICAL - 2023-09-27 17:01:17 --> Undefined variable $csvData
in APPPATH\Views\conciliacao.php on line 37.
 1 APPPATH\Views\conciliacao.php(37): CodeIgniter\Debug\Exceptions->errorHandler(2, 'Undefined variable $csvData', 'H:\\spoloar\\SpolaorAutomacoesContabeis\\empenho\\app\\Views\\conciliacao.php', 37)
 2 SYSTEMPATH\View\View.php(213): include('H:\\spoloar\\SpolaorAutomacoesContabeis\\empenho\\app\\Views\\conciliacao.php')
 3 SYSTEMPATH\View\View.php(216): CodeIgniter\View\View->CodeIgniter\View\{closure}()
 4 SYSTEMPATH\Common.php(1184): CodeIgniter\View\View->render('conciliacao', [], true)
 5 APPPATH\Controllers\Conciliacao.php(13): view('conciliacao')
 6 SYSTEMPATH\CodeIgniter.php(934): App\Controllers\Conciliacao->index()
 7 SYSTEMPATH\CodeIgniter.php(499): CodeIgniter\CodeIgniter->runController(Object(App\Controllers\Conciliacao))
 8 SYSTEMPATH\CodeIgniter.php(368): CodeIgniter\CodeIgniter->handleRequest(null, Object(Config\Cache), false)
 9 FCPATH\index.php(67): CodeIgniter\CodeIgniter->run()
10 SYSTEMPATH\Commands\Server\rewrite.php(47): require_once('H:\\spoloar\\SpolaorAutomacoesContabeis\\public_html\\index.php')
CRITICAL - 2023-09-27 17:06:39 --> Undefined variable $csvData
in APPPATH\Views\conciliacao.php on line 36.
 1 APPPATH\Views\conciliacao.php(36): CodeIgniter\Debug\Exceptions->errorHandler(2, 'Undefined variable $csvData', 'H:\\spoloar\\SpolaorAutomacoesContabeis\\empenho\\app\\Views\\conciliacao.php', 36)
 2 SYSTEMPATH\View\View.php(213): include('H:\\spoloar\\SpolaorAutomacoesContabeis\\empenho\\app\\Views\\conciliacao.php')
 3 SYSTEMPATH\View\View.php(216): CodeIgniter\View\View->CodeIgniter\View\{closure}()
 4 SYSTEMPATH\Common.php(1184): CodeIgniter\View\View->render('conciliacao', [], true)
 5 APPPATH\Controllers\Conciliacao.php(13): view('conciliacao')
 6 SYSTEMPATH\CodeIgniter.php(934): App\Controllers\Conciliacao->index()
 7 SYSTEMPATH\CodeIgniter.php(499): CodeIgniter\CodeIgniter->runController(Object(App\Controllers\Conciliacao))
 8 SYSTEMPATH\CodeIgniter.php(368): CodeIgniter\CodeIgniter->handleRequest(null, Object(Config\Cache), false)
 9 FCPATH\index.php(67): CodeIgniter\CodeIgniter->run()
10 SYSTEMPATH\Commands\Server\rewrite.php(47): require_once('H:\\spoloar\\SpolaorAutomacoesContabeis\\public_html\\index.php')
CRITICAL - 2023-09-27 17:06:40 --> Undefined variable $csvData
in APPPATH\Views\conciliacao.php on line 36.
 1 APPPATH\Views\conciliacao.php(36): CodeIgniter\Debug\Exceptions->errorHandler(2, 'Undefined variable $csvData', 'H:\\spoloar\\SpolaorAutomacoesContabeis\\empenho\\app\\Views\\conciliacao.php', 36)
 2 SYSTEMPATH\View\View.php(213): include('H:\\spoloar\\SpolaorAutomacoesContabeis\\empenho\\app\\Views\\conciliacao.php')
 3 SYSTEMPATH\View\View.php(216): CodeIgniter\View\View->CodeIgniter\View\{closure}()
 4 SYSTEMPATH\Common.php(1184): CodeIgniter\View\View->render('conciliacao', [], true)
 5 APPPATH\Controllers\Conciliacao.php(13): view('conciliacao')
 6 SYSTEMPATH\CodeIgniter.php(934): App\Controllers\Conciliacao->index()
 7 SYSTEMPATH\CodeIgniter.php(499): CodeIgniter\CodeIgniter->runController(Object(App\Controllers\Conciliacao))
 8 SYSTEMPATH\CodeIgniter.php(368): CodeIgniter\CodeIgniter->handleRequest(null, Object(Config\Cache), false)
 9 FCPATH\index.php(67): CodeIgniter\CodeIgniter->run()
10 SYSTEMPATH\Commands\Server\rewrite.php(47): require_once('H:\\spoloar\\SpolaorAutomacoesContabeis\\public_html\\index.php')
CRITICAL - 2023-09-27 17:06:40 --> Undefined variable $csvData
in APPPATH\Views\conciliacao.php on line 36.
 1 APPPATH\Views\conciliacao.php(36): CodeIgniter\Debug\Exceptions->errorHandler(2, 'Undefined variable $csvData', 'H:\\spoloar\\SpolaorAutomacoesContabeis\\empenho\\app\\Views\\conciliacao.php', 36)
 2 SYSTEMPATH\View\View.php(213): include('H:\\spoloar\\SpolaorAutomacoesContabeis\\empenho\\app\\Views\\conciliacao.php')
 3 SYSTEMPATH\View\View.php(216): CodeIgniter\View\View->CodeIgniter\View\{closure}()
 4 SYSTEMPATH\Common.php(1184): CodeIgniter\View\View->render('conciliacao', [], true)
 5 APPPATH\Controllers\Conciliacao.php(13): view('conciliacao')
 6 SYSTEMPATH\CodeIgniter.php(934): App\Controllers\Conciliacao->index()
 7 SYSTEMPATH\CodeIgniter.php(499): CodeIgniter\CodeIgniter->runController(Object(App\Controllers\Conciliacao))
 8 SYSTEMPATH\CodeIgniter.php(368): CodeIgniter\CodeIgniter->handleRequest(null, Object(Config\Cache), false)
 9 FCPATH\index.php(67): CodeIgniter\CodeIgniter->run()
10 SYSTEMPATH\Commands\Server\rewrite.php(47): require_once('H:\\spoloar\\SpolaorAutomacoesContabeis\\public_html\\index.php')
CRITICAL - 2023-09-27 17:06:41 --> Undefined variable $csvData
in APPPATH\Views\conciliacao.php on line 36.
 1 APPPATH\Views\conciliacao.php(36): CodeIgniter\Debug\Exceptions->errorHandler(2, 'Undefined variable $csvData', 'H:\\spoloar\\SpolaorAutomacoesContabeis\\empenho\\app\\Views\\conciliacao.php', 36)
 2 SYSTEMPATH\View\View.php(213): include('H:\\spoloar\\SpolaorAutomacoesContabeis\\empenho\\app\\Views\\conciliacao.php')
 3 SYSTEMPATH\View\View.php(216): CodeIgniter\View\View->CodeIgniter\View\{closure}()
 4 SYSTEMPATH\Common.php(1184): CodeIgniter\View\View->render('conciliacao', [], true)
 5 APPPATH\Controllers\Conciliacao.php(13): view('conciliacao')
 6 SYSTEMPATH\CodeIgniter.php(934): App\Controllers\Conciliacao->index()
 7 SYSTEMPATH\CodeIgniter.php(499): CodeIgniter\CodeIgniter->runController(Object(App\Controllers\Conciliacao))
 8 SYSTEMPATH\CodeIgniter.php(368): CodeIgniter\CodeIgniter->handleRequest(null, Object(Config\Cache), false)
 9 FCPATH\index.php(67): CodeIgniter\CodeIgniter->run()
10 SYSTEMPATH\Commands\Server\rewrite.php(47): require_once('H:\\spoloar\\SpolaorAutomacoesContabeis\\public_html\\index.php')
CRITICAL - 2023-09-27 17:10:34 --> Undefined variable $csvData
in APPPATH\Views\conciliacao.php on line 36.
 1 APPPATH\Views\conciliacao.php(36): CodeIgniter\Debug\Exceptions->errorHandler(2, 'Undefined variable $csvData', 'H:\\spoloar\\SpolaorAutomacoesContabeis\\empenho\\app\\Views\\conciliacao.php', 36)
 2 SYSTEMPATH\View\View.php(213): include('H:\\spoloar\\SpolaorAutomacoesContabeis\\empenho\\app\\Views\\conciliacao.php')
 3 SYSTEMPATH\View\View.php(216): CodeIgniter\View\View->CodeIgniter\View\{closure}()
 4 SYSTEMPATH\Common.php(1184): CodeIgniter\View\View->render('conciliacao', [], true)
 5 APPPATH\Controllers\Conciliacao.php(13): view('conciliacao')
 6 SYSTEMPATH\CodeIgniter.php(934): App\Controllers\Conciliacao->index()
 7 SYSTEMPATH\CodeIgniter.php(499): CodeIgniter\CodeIgniter->runController(Object(App\Controllers\Conciliacao))
 8 SYSTEMPATH\CodeIgniter.php(368): CodeIgniter\CodeIgniter->handleRequest(null, Object(Config\Cache), false)
 9 FCPATH\index.php(67): CodeIgniter\CodeIgniter->run()
10 SYSTEMPATH\Commands\Server\rewrite.php(47): require_once('H:\\spoloar\\SpolaorAutomacoesContabeis\\public_html\\index.php')
CRITICAL - 2023-09-27 17:10:35 --> Undefined variable $csvData
in APPPATH\Views\conciliacao.php on line 36.
 1 APPPATH\Views\conciliacao.php(36): CodeIgniter\Debug\Exceptions->errorHandler(2, 'Undefined variable $csvData', 'H:\\spoloar\\SpolaorAutomacoesContabeis\\empenho\\app\\Views\\conciliacao.php', 36)
 2 SYSTEMPATH\View\View.php(213): include('H:\\spoloar\\SpolaorAutomacoesContabeis\\empenho\\app\\Views\\conciliacao.php')
 3 SYSTEMPATH\View\View.php(216): CodeIgniter\View\View->CodeIgniter\View\{closure}()
 4 SYSTEMPATH\Common.php(1184): CodeIgniter\View\View->render('conciliacao', [], true)
 5 APPPATH\Controllers\Conciliacao.php(13): view('conciliacao')
 6 SYSTEMPATH\CodeIgniter.php(934): App\Controllers\Conciliacao->index()
 7 SYSTEMPATH\CodeIgniter.php(499): CodeIgniter\CodeIgniter->runController(Object(App\Controllers\Conciliacao))
 8 SYSTEMPATH\CodeIgniter.php(368): CodeIgniter\CodeIgniter->handleRequest(null, Object(Config\Cache), false)
 9 FCPATH\index.php(67): CodeIgniter\CodeIgniter->run()
10 SYSTEMPATH\Commands\Server\rewrite.php(47): require_once('H:\\spoloar\\SpolaorAutomacoesContabeis\\public_html\\index.php')
CRITICAL - 2023-09-27 17:12:08 --> Undefined variable $csvData
in APPPATH\Views\conciliacao.php on line 36.
 1 APPPATH\Views\conciliacao.php(36): CodeIgniter\Debug\Exceptions->errorHandler(2, 'Undefined variable $csvData', 'H:\\spoloar\\SpolaorAutomacoesContabeis\\empenho\\app\\Views\\conciliacao.php', 36)
 2 SYSTEMPATH\View\View.php(213): include('H:\\spoloar\\SpolaorAutomacoesContabeis\\empenho\\app\\Views\\conciliacao.php')
 3 SYSTEMPATH\View\View.php(216): CodeIgniter\View\View->CodeIgniter\View\{closure}()
 4 SYSTEMPATH\Common.php(1184): CodeIgniter\View\View->render('conciliacao', [], true)
 5 APPPATH\Controllers\Conciliacao.php(13): view('conciliacao')
 6 SYSTEMPATH\CodeIgniter.php(934): App\Controllers\Conciliacao->index()
 7 SYSTEMPATH\CodeIgniter.php(499): CodeIgniter\CodeIgniter->runController(Object(App\Controllers\Conciliacao))
 8 SYSTEMPATH\CodeIgniter.php(368): CodeIgniter\CodeIgniter->handleRequest(null, Object(Config\Cache), false)
 9 FCPATH\index.php(67): CodeIgniter\CodeIgniter->run()
10 SYSTEMPATH\Commands\Server\rewrite.php(47): require_once('H:\\spoloar\\SpolaorAutomacoesContabeis\\public_html\\index.php')
CRITICAL - 2023-09-27 17:12:11 --> Undefined variable $csvData
in APPPATH\Views\conciliacao.php on line 36.
 1 APPPATH\Views\conciliacao.php(36): CodeIgniter\Debug\Exceptions->errorHandler(2, 'Undefined variable $csvData', 'H:\\spoloar\\SpolaorAutomacoesContabeis\\empenho\\app\\Views\\conciliacao.php', 36)
 2 SYSTEMPATH\View\View.php(213): include('H:\\spoloar\\SpolaorAutomacoesContabeis\\empenho\\app\\Views\\conciliacao.php')
 3 SYSTEMPATH\View\View.php(216): CodeIgniter\View\View->CodeIgniter\View\{closure}()
 4 SYSTEMPATH\Common.php(1184): CodeIgniter\View\View->render('conciliacao', [], true)
 5 APPPATH\Controllers\Conciliacao.php(13): view('conciliacao')
 6 SYSTEMPATH\CodeIgniter.php(934): App\Controllers\Conciliacao->index()
 7 SYSTEMPATH\CodeIgniter.php(499): CodeIgniter\CodeIgniter->runController(Object(App\Controllers\Conciliacao))
 8 SYSTEMPATH\CodeIgniter.php(368): CodeIgniter\CodeIgniter->handleRequest(null, Object(Config\Cache), false)
 9 FCPATH\index.php(67): CodeIgniter\CodeIgniter->run()
10 SYSTEMPATH\Commands\Server\rewrite.php(47): require_once('H:\\spoloar\\SpolaorAutomacoesContabeis\\public_html\\index.php')
CRITICAL - 2023-09-27 17:13:42 --> Undefined variable $csvData
in APPPATH\Views\conciliacao.php on line 36.
 1 APPPATH\Views\conciliacao.php(36): CodeIgniter\Debug\Exceptions->errorHandler(2, 'Undefined variable $csvData', 'H:\\spoloar\\SpolaorAutomacoesContabeis\\empenho\\app\\Views\\conciliacao.php', 36)
 2 SYSTEMPATH\View\View.php(213): include('H:\\spoloar\\SpolaorAutomacoesContabeis\\empenho\\app\\Views\\conciliacao.php')
 3 SYSTEMPATH\View\View.php(216): CodeIgniter\View\View->CodeIgniter\View\{closure}()
 4 SYSTEMPATH\Common.php(1184): CodeIgniter\View\View->render('conciliacao', [], true)
 5 APPPATH\Controllers\Conciliacao.php(14): view('conciliacao')
 6 SYSTEMPATH\CodeIgniter.php(934): App\Controllers\Conciliacao->index()
 7 SYSTEMPATH\CodeIgniter.php(499): CodeIgniter\CodeIgniter->runController(Object(App\Controllers\Conciliacao))
 8 SYSTEMPATH\CodeIgniter.php(368): CodeIgniter\CodeIgniter->handleRequest(null, Object(Config\Cache), false)
 9 FCPATH\index.php(67): CodeIgniter\CodeIgniter->run()
10 SYSTEMPATH\Commands\Server\rewrite.php(47): require_once('H:\\spoloar\\SpolaorAutomacoesContabeis\\public_html\\index.php')
CRITICAL - 2023-09-27 17:13:44 --> Undefined variable $csvData
in APPPATH\Views\conciliacao.php on line 36.
 1 APPPATH\Views\conciliacao.php(36): CodeIgniter\Debug\Exceptions->errorHandler(2, 'Undefined variable $csvData', 'H:\\spoloar\\SpolaorAutomacoesContabeis\\empenho\\app\\Views\\conciliacao.php', 36)
 2 SYSTEMPATH\View\View.php(213): include('H:\\spoloar\\SpolaorAutomacoesContabeis\\empenho\\app\\Views\\conciliacao.php')
 3 SYSTEMPATH\View\View.php(216): CodeIgniter\View\View->CodeIgniter\View\{closure}()
 4 SYSTEMPATH\Common.php(1184): CodeIgniter\View\View->render('conciliacao', [], true)
 5 APPPATH\Controllers\Conciliacao.php(14): view('conciliacao')
 6 SYSTEMPATH\CodeIgniter.php(934): App\Controllers\Conciliacao->index()
 7 SYSTEMPATH\CodeIgniter.php(499): CodeIgniter\CodeIgniter->runController(Object(App\Controllers\Conciliacao))
 8 SYSTEMPATH\CodeIgniter.php(368): CodeIgniter\CodeIgniter->handleRequest(null, Object(Config\Cache), false)
 9 FCPATH\index.php(67): CodeIgniter\CodeIgniter->run()
10 SYSTEMPATH\Commands\Server\rewrite.php(47): require_once('H:\\spoloar\\SpolaorAutomacoesContabeis\\public_html\\index.php')
CRITICAL - 2023-09-27 17:13:46 --> Undefined variable $csvData
in APPPATH\Views\conciliacao.php on line 36.
 1 APPPATH\Views\conciliacao.php(36): CodeIgniter\Debug\Exceptions->errorHandler(2, 'Undefined variable $csvData', 'H:\\spoloar\\SpolaorAutomacoesContabeis\\empenho\\app\\Views\\conciliacao.php', 36)
 2 SYSTEMPATH\View\View.php(213): include('H:\\spoloar\\SpolaorAutomacoesContabeis\\empenho\\app\\Views\\conciliacao.php')
 3 SYSTEMPATH\View\View.php(216): CodeIgniter\View\View->CodeIgniter\View\{closure}()
 4 SYSTEMPATH\Common.php(1184): CodeIgniter\View\View->render('conciliacao', [], true)
 5 APPPATH\Controllers\Conciliacao.php(14): view('conciliacao')
 6 SYSTEMPATH\CodeIgniter.php(934): App\Controllers\Conciliacao->index()
 7 SYSTEMPATH\CodeIgniter.php(499): CodeIgniter\CodeIgniter->runController(Object(App\Controllers\Conciliacao))
 8 SYSTEMPATH\CodeIgniter.php(368): CodeIgniter\CodeIgniter->handleRequest(null, Object(Config\Cache), false)
 9 FCPATH\index.php(67): CodeIgniter\CodeIgniter->run()
10 SYSTEMPATH\Commands\Server\rewrite.php(47): require_once('H:\\spoloar\\SpolaorAutomacoesContabeis\\public_html\\index.php')
CRITICAL - 2023-09-27 19:21:27 --> Unsupported operand types: string - string
in APPPATH\Controllers\Conciliacao.php on line 53.
 1 SYSTEMPATH\CodeIgniter.php(934): App\Controllers\Conciliacao->pandas()
 2 SYSTEMPATH\CodeIgniter.php(499): CodeIgniter\CodeIgniter->runController(Object(App\Controllers\Conciliacao))
 3 SYSTEMPATH\CodeIgniter.php(368): CodeIgniter\CodeIgniter->handleRequest(null, Object(Config\Cache), false)
 4 FCPATH\index.php(67): CodeIgniter\CodeIgniter->run()
 5 SYSTEMPATH\Commands\Server\rewrite.php(47): require_once('H:\\spoloar\\SpolaorAutomacoesContabeis\\public_html\\index.php')
CRITICAL - 2023-09-27 20:30:46 --> syntax error, unexpected token "}"
in APPPATH\Controllers\Conciliacao.php on line 82.
 1 SYSTEMPATH\Router\Router.php(507): CodeIgniter\Router\AutoRouter->getRoute('Conciliacao/pandas')
 2 SYSTEMPATH\Router\Router.php(206): CodeIgniter\Router\Router->autoRoute('Conciliacao/pandas')
 3 SYSTEMPATH\CodeIgniter.php(815): CodeIgniter\Router\Router->handle('Conciliacao/pandas')
 4 SYSTEMPATH\CodeIgniter.php(449): CodeIgniter\CodeIgniter->tryToRouteIt(Object(CodeIgniter\Router\RouteCollection))
 5 SYSTEMPATH\CodeIgniter.php(368): CodeIgniter\CodeIgniter->handleRequest(null, Object(Config\Cache), false)
 6 FCPATH\index.php(67): CodeIgniter\CodeIgniter->run()
 7 SYSTEMPATH\Commands\Server\rewrite.php(47): require_once('H:\\spoloar\\SpolaorAutomacoesContabeis\\public_html\\index.php')
CRITICAL - 2023-09-27 20:43:03 --> move_uploaded_file(/caminho/para/salvar/arquivo.csv): Failed to open stream: No such file or directory
in APPPATH\Controllers\Conciliacao.php on line 30.
 1 [internal function]: CodeIgniter\Debug\Exceptions->errorHandler(2, 'move_uploaded_file(/caminho/para/salvar/arquivo.csv): Failed to open stream: No such file or directory', 'H:\\spoloar\\SpolaorAutomacoesContabeis\\empenho\\app\\Controllers\\Conciliacao.php', 30)
 2 APPPATH\Controllers\Conciliacao.php(30): move_uploaded_file('H:\\xamp\\tmp\\phpD94B.tmp', '/caminho/para/salvar/arquivo.csv')
 3 SYSTEMPATH\CodeIgniter.php(934): App\Controllers\Conciliacao->pandas()
 4 SYSTEMPATH\CodeIgniter.php(499): CodeIgniter\CodeIgniter->runController(Object(App\Controllers\Conciliacao))
 5 SYSTEMPATH\CodeIgniter.php(368): CodeIgniter\CodeIgniter->handleRequest(null, Object(Config\Cache), false)
 6 FCPATH\index.php(67): CodeIgniter\CodeIgniter->run()
 7 SYSTEMPATH\Commands\Server\rewrite.php(47): require_once('H:\\spoloar\\SpolaorAutomacoesContabeis\\public_html\\index.php')
CRITICAL - 2023-09-27 20:44:02 --> move_uploaded_file(python\tempArq): Failed to open stream: No such file or directory
in APPPATH\Controllers\Conciliacao.php on line 30.
 1 [internal function]: CodeIgniter\Debug\Exceptions->errorHandler(2, 'move_uploaded_file(python\\tempArq): Failed to open stream: No such file or directory', 'H:\\spoloar\\SpolaorAutomacoesContabeis\\empenho\\app\\Controllers\\Conciliacao.php', 30)
 2 APPPATH\Controllers\Conciliacao.php(30): move_uploaded_file('H:\\xamp\\tmp\\phpC0AF.tmp', 'python\\tempArq')
 3 SYSTEMPATH\CodeIgniter.php(934): App\Controllers\Conciliacao->pandas()
 4 SYSTEMPATH\CodeIgniter.php(499): CodeIgniter\CodeIgniter->runController(Object(App\Controllers\Conciliacao))
 5 SYSTEMPATH\CodeIgniter.php(368): CodeIgniter\CodeIgniter->handleRequest(null, Object(Config\Cache), false)
 6 FCPATH\index.php(67): CodeIgniter\CodeIgniter->run()
 7 SYSTEMPATH\Commands\Server\rewrite.php(47): require_once('H:\\spoloar\\SpolaorAutomacoesContabeis\\public_html\\index.php')
CRITICAL - 2023-09-27 20:44:08 --> move_uploaded_file(python\tempArq): Failed to open stream: No such file or directory
in APPPATH\Controllers\Conciliacao.php on line 30.
 1 [internal function]: CodeIgniter\Debug\Exceptions->errorHandler(2, 'move_uploaded_file(python\\tempArq): Failed to open stream: No such file or directory', 'H:\\spoloar\\SpolaorAutomacoesContabeis\\empenho\\app\\Controllers\\Conciliacao.php', 30)
 2 APPPATH\Controllers\Conciliacao.php(30): move_uploaded_file('H:\\xamp\\tmp\\phpD85E.tmp', 'python\\tempArq')
 3 SYSTEMPATH\CodeIgniter.php(934): App\Controllers\Conciliacao->pandas()
 4 SYSTEMPATH\CodeIgniter.php(499): CodeIgniter\CodeIgniter->runController(Object(App\Controllers\Conciliacao))
 5 SYSTEMPATH\CodeIgniter.php(368): CodeIgniter\CodeIgniter->handleRequest(null, Object(Config\Cache), false)
 6 FCPATH\index.php(67): CodeIgniter\CodeIgniter->run()
 7 SYSTEMPATH\Commands\Server\rewrite.php(47): require_once('H:\\spoloar\\SpolaorAutomacoesContabeis\\public_html\\index.php')
CRITICAL - 2023-09-27 20:44:59 --> move_uploaded_file(.\python\tempArq): Failed to open stream: No such file or directory
in APPPATH\Controllers\Conciliacao.php on line 30.
 1 [internal function]: CodeIgniter\Debug\Exceptions->errorHandler(2, 'move_uploaded_file(.\\python\\tempArq): Failed to open stream: No such file or directory', 'H:\\spoloar\\SpolaorAutomacoesContabeis\\empenho\\app\\Controllers\\Conciliacao.php', 30)
 2 APPPATH\Controllers\Conciliacao.php(30): move_uploaded_file('H:\\xamp\\tmp\\php9F49.tmp', '.\\python\\tempArq')
 3 SYSTEMPATH\CodeIgniter.php(934): App\Controllers\Conciliacao->pandas()
 4 SYSTEMPATH\CodeIgniter.php(499): CodeIgniter\CodeIgniter->runController(Object(App\Controllers\Conciliacao))
 5 SYSTEMPATH\CodeIgniter.php(368): CodeIgniter\CodeIgniter->handleRequest(null, Object(Config\Cache), false)
 6 FCPATH\index.php(67): CodeIgniter\CodeIgniter->run()
 7 SYSTEMPATH\Commands\Server\rewrite.php(47): require_once('H:\\spoloar\\SpolaorAutomacoesContabeis\\public_html\\index.php')
